<?xml version="1.0" encoding="UTF-8"?>
<testng-results ignored="0" total="1" passed="1" failed="0" skipped="0">
  <reporter-output>
  </reporter-output>
  <suite started-at="2022-05-05T12:51:13 IST" name="Default suite" finished-at="2022-05-05T12:51:46 IST" duration-ms="32875">
    <groups>
    </groups>
    <test started-at="2022-05-05T12:51:13 IST" name="Default test" finished-at="2022-05-05T12:51:46 IST" duration-ms="32875">
      <class name="testdemo.Login">
        <test-method is-config="true" signature="beforeMethod()[pri:0, instance:testdemo.Login@27f981c6]" started-at="2022-05-05T12:51:13 IST" name="beforeMethod" finished-at="2022-05-05T12:51:37 IST" duration-ms="24076" status="PASS">
          <reporter-output>
          </reporter-output>
        </test-method> <!-- beforeMethod -->
        <test-method signature="appHamburger()[pri:0, instance:testdemo.Login@27f981c6]" started-at="2022-05-05T12:51:37 IST" name="appHamburger" finished-at="2022-05-05T12:51:46 IST" duration-ms="8765" status="PASS">
          <reporter-output>
          </reporter-output>
        </test-method> <!-- appHamburger -->
      </class> <!-- testdemo.Login -->
    </test> <!-- Default test -->
  </suite> <!-- Default suite -->
</testng-results>
