<?xml version="1.0" encoding="UTF-8"?>
<testng-results ignored="0" total="1" passed="1" failed="0" skipped="0">
  <reporter-output>
  </reporter-output>
  <suite started-at="2022-05-05T14:04:08 IST" name="Default suite" finished-at="2022-05-05T14:04:43 IST" duration-ms="34850">
    <groups>
    </groups>
    <test started-at="2022-05-05T14:04:08 IST" name="Default test" finished-at="2022-05-05T14:04:43 IST" duration-ms="34850">
      <class name="testdemo.Login">
        <test-method is-config="true" signature="beforeMethod()[pri:0, instance:testdemo.Login@27f981c6]" started-at="2022-05-05T14:04:08 IST" name="beforeMethod" finished-at="2022-05-05T14:04:23 IST" duration-ms="15002" status="PASS">
          <reporter-output>
          </reporter-output>
        </test-method> <!-- beforeMethod -->
        <test-method signature="appCommands()[pri:0, instance:testdemo.Login@27f981c6]" started-at="2022-05-05T14:04:23 IST" name="appCommands" finished-at="2022-05-05T14:04:43 IST" duration-ms="19816" status="PASS">
          <reporter-output>
          </reporter-output>
        </test-method> <!-- appCommands -->
      </class> <!-- testdemo.Login -->
    </test> <!-- Default test -->
  </suite> <!-- Default suite -->
</testng-results>
